{
"task": {
"id": "AYbF6XiwpYEKxoX2ohjt",
"type": "REPORT",
"componentId": "AYbBcCjvB-XqaPjVAqnM",
"componentKey": "sonarqube-react-project",
"componentName": "sonarqube-react-project",
"componentQualifier": "TRK",
"analysisId": "AYbF6YJ7DElRUXQFqxuu",
"status": "SUCCESS",
"submittedAt": "2023-03-09T10:27:37+0000",
"submitterLogin": "admin",
"startedAt": "2023-03-09T10:27:39+0000",
"executedAt": "2023-03-09T10:27:52+0000",
"executionTimeMs": 12857,
"hasScannerContext": true,
"warningCount": 1,
"warnings": []
}
}